

Processing HomeController#index (for 127.0.0.1 at 2019-01-08 12:37:37) [GET]
Rendering home/index
Completed in 8ms (View: 6, DB: 0) | 200 OK [http://localhost/]
  [4;36;1mSQL (2.4ms)[0m   [0;1m SELECT name
 FROM sqlite_master
 WHERE type = 'table' AND NOT name = 'sqlite_sequence'
[0m
  [4;35;1mSQL (0.7ms)[0m   [0mselect sqlite_version(*)[0m
  [4;36;1mSQL (10.2ms)[0m   [0;1mCREATE TABLE "schema_migrations" ("version" varchar(255) NOT NULL) [0m
  [4;35;1mSQL (0.7ms)[0m   [0mPRAGMA index_list("schema_migrations")[0m
  [4;36;1mSQL (9.0ms)[0m   [0;1mCREATE UNIQUE INDEX "unique_schema_migrations" ON "schema_migrations" ("version")[0m
  [4;35;1mSQL (1.1ms)[0m   [0m SELECT name
 FROM sqlite_master
 WHERE type = 'table' AND NOT name = 'sqlite_sequence'
[0m
  [4;36;1mSQL (0.7ms)[0m   [0;1mSELECT version FROM schema_migrations[0m
Migrating to CreatePosts (20190108071728)
  [4;35;1mSQL (3.7ms)[0m   [0mCREATE TABLE "posts" ("id" INTEGER PRIMARY KEY AUTOINCREMENT NOT NULL, "name" varchar(255), "title" varchar(255), "content" text, "created_at" datetime, "updated_at" datetime) [0m
  [4;36;1mSQL (1.3ms)[0m   [0;1mINSERT INTO schema_migrations (version) VALUES ('20190108071728')[0m
  [4;35;1mSQL (0.2ms)[0m   [0m SELECT name
 FROM sqlite_master
 WHERE type = 'table' AND NOT name = 'sqlite_sequence'
[0m
  [4;36;1mSQL (0.1ms)[0m   [0;1mSELECT version FROM schema_migrations[0m
  [4;35;1mSQL (0.1ms)[0m   [0m SELECT name
 FROM sqlite_master
 WHERE type = 'table' AND NOT name = 'sqlite_sequence'
[0m
  [4;36;1mSQL (0.1ms)[0m   [0;1mPRAGMA index_list("posts")[0m


Processing HomeController#index (for 127.0.0.1 at 2019-01-08 12:57:43) [GET]
Rendering home/index
Completed in 6ms (View: 5, DB: 0) | 200 OK [http://localhost/]


Processing PostsController#index (for 127.0.0.1 at 2019-01-08 12:57:48) [GET]
  [4;36;1mPost Load (0.3ms)[0m   [0;1mSELECT * FROM "posts" [0m
Rendering template within layouts/posts
Rendering posts/index
Completed in 16ms (View: 11, DB: 0) | 200 OK [http://localhost/posts]


Processing PostsController#index (for 127.0.0.1 at 2019-01-08 13:02:06) [GET]
  [4;35;1mPost Load (0.3ms)[0m   [0mSELECT * FROM "posts" [0m
Rendering template within layouts/posts
Rendering posts/index
Completed in 6ms (View: 1, DB: 0) | 200 OK [http://localhost/posts]


Processing PostsController#new (for 127.0.0.1 at 2019-01-08 13:02:08) [GET]
Rendering template within layouts/posts
Rendering posts/new
Completed in 13ms (View: 9, DB: 0) | 200 OK [http://localhost/posts/new]


Processing PostsController#create (for 127.0.0.1 at 2019-01-08 13:02:30) [POST]
  Parameters: {"commit"=>"Create", "authenticity_token"=>"sY8CXrkGVjLWN7nJVIJ/hPE1PzmK8qmAx3DqM5MjPLk=", "post"=>{"name"=>"Rahul", "title"=>"Firstpost", "content"=>"FirstPost"}}
  [4;36;1mPost Create (0.5ms)[0m   [0;1mINSERT INTO "posts" ("name", "title", "created_at", "content", "updated_at") VALUES('Rahul', 'Firstpost', '2019-01-08 07:32:30', 'FirstPost', '2019-01-08 07:32:30')[0m
Redirected to http://localhost:3000/posts/1
Completed in 14ms (DB: 0) | 302 Found [http://localhost/posts]


Processing PostsController#show (for 127.0.0.1 at 2019-01-08 13:02:30) [GET]
  Parameters: {"id"=>"1"}
  [4;35;1mPost Load (0.1ms)[0m   [0mSELECT * FROM "posts" WHERE ("posts"."id" = 1) [0m
Rendering template within layouts/posts
Rendering posts/show
Completed in 11ms (View: 6, DB: 0) | 200 OK [http://localhost/posts/1]


Processing PostsController#index (for 127.0.0.1 at 2019-01-08 13:02:36) [GET]
  [4;36;1mPost Load (4.1ms)[0m   [0;1mSELECT * FROM "posts" [0m
Rendering template within layouts/posts
Rendering posts/index
Completed in 82ms (View: 42, DB: 4) | 200 OK [http://localhost/posts]


Processing PostsController#show (for 127.0.0.1 at 2019-01-08 13:02:40) [GET]
  Parameters: {"id"=>"1"}
  [4;35;1mPost Load (0.1ms)[0m   [0mSELECT * FROM "posts" WHERE ("posts"."id" = 1) [0m
Rendering template within layouts/posts
Rendering posts/show
Completed in 10ms (View: 2, DB: 0) | 200 OK [http://localhost/posts/1]


Processing PostsController#index (for 127.0.0.1 at 2019-01-08 13:02:42) [GET]
  [4;36;1mPost Load (0.3ms)[0m   [0;1mSELECT * FROM "posts" [0m
Rendering template within layouts/posts
Rendering posts/index
Completed in 7ms (View: 4, DB: 0) | 200 OK [http://localhost/posts]
  [4;36;1mPost Create (0.5ms)[0m   [0;1mINSERT INTO "posts" ("content", "created_at", "name", "updated_at", "title") VALUES('new post', '2019-01-08 07:40:42', 'post1', '2019-01-08 07:40:42', 'first post')[0m


Processing PostsController#index (for 127.0.0.1 at 2019-01-08 13:11:13) [GET]
  [4;36;1mPost Load (3.9ms)[0m   [0;1mSELECT * FROM "posts" [0m
Rendering template within layouts/posts
Rendering posts/index
Completed in 104ms (View: 67, DB: 4) | 200 OK [http://localhost/posts]
